<?xml version="1.0" encoding="UTF-8"?>
<!-- Generated by org.testng.reporters.JUnitReportReporter -->
<testsuite hostname="Baishnab" failures="0" tests="7" name="com.ninjha.testScript.LoginTest" time="29.762" errors="0" timestamp="2023-09-22T20:17:54 IST" skipped="0">
  <testcase classname="com.ninjha.testScript.LoginTest" name="verifyWithValidCredetials" time="4.213"/>
  <testcase classname="com.ninjha.testScript.LoginTest" name="verifyWithValidCredetials" time="3.993"/>
  <testcase classname="com.ninjha.testScript.LoginTest" name="verifyWithValidCredetials" time="4.615"/>
  <testcase classname="com.ninjha.testScript.LoginTest" name="loginWithInvalidCredetials" time="4.879"/>
  <testcase classname="com.ninjha.testScript.LoginTest" name="verifyWithInvalidEmailAndValidPassord" time="4.492"/>
  <testcase classname="com.ninjha.testScript.LoginTest" name="verifyValidEmailAndInvalidPassword" time="3.842"/>
  <testcase classname="com.ninjha.testScript.LoginTest" name="verifyLoginWithoutProvindingCredential" time="3.728"/>
</testsuite> <!-- com.ninjha.testScript.LoginTest -->
