<?xml version="1.0" encoding="UTF-8"?>
<!-- Generated by org.testng.reporters.JUnitReportReporter -->
<testsuite hostname="Baishnab" failures="0" tests="1" name="com.ninjha.testScript.Demo" time="6.462" errors="0" timestamp="2023-09-22T20:08:03 IST" skipped="0">
  <testcase classname="com.ninjha.testScript.Demo" name="lunchB" time="6.462"/>
</testsuite> <!-- com.ninjha.testScript.Demo -->
