<?xml version="1.0" encoding="UTF-8"?>
<!-- Generated by org.testng.reporters.JUnitReportReporter -->
<testsuite hostname="Baishnab" failures="0" tests="4" name="com.ninjha.testScript.RegisterTest" time="21.746" errors="0" timestamp="2023-09-22T20:17:54 IST" skipped="0">
  <testcase classname="com.ninjha.testScript.RegisterTest" name="verifyRegisteringAnAccountWithMandatoryField" time="6.599"/>
  <testcase classname="com.ninjha.testScript.RegisterTest" name="rigistringAccountByProvindingAllFields" time="6.110"/>
  <testcase classname="com.ninjha.testScript.RegisterTest" name="verifyRegistringAccoutwithExistingEmailAddress" time="5.012"/>
  <testcase classname="com.ninjha.testScript.RegisterTest" name="verifyRegistringAccountwithoutFillingAnyDetails" time="4.025"/>
</testsuite> <!-- com.ninjha.testScript.RegisterTest -->
